<?xml version="1.0" encoding="UTF-8"?>
<Site BuildName="Linux-g++"
	BuildStamp="20230712-0818-Experimental"
	Name="dmitriy-81nc"
	Generator="ctest-3.22.1"
	CompilerName="/usr/bin/g++"
	CompilerVersion="11.3.0"
	OSName="Linux"
	Hostname="dmitriy-81nc"
	OSRelease="5.19.0-46-generic"
	OSVersion="#47~22.04.1-Ubuntu SMP PREEMPT_DYNAMIC Wed Jun 21 15:35:31 UTC 2"
	OSPlatform="x86_64"
	Is64Bits="1"
	VendorString="AuthenticAMD"
	VendorID="Advanced Micro Devices"
	FamilyID="23"
	ModelID="24"
	ProcessorCacheSize="512"
	NumberOfLogicalCPU="8"
	NumberOfPhysicalCPU="4"
	TotalVirtualMemory="9009"
	TotalPhysicalMemory="6865"
	LogicalProcessorsPerPhysical="2"
	ProcessorClockFrequency="2956.96"
	>
	<Testing>
		<StartDateTime>Jul 12 12:30 MSK</StartDateTime>
		<StartTestTime>1689154238</StartTestTime>
		<TestList/>
		<EndDateTime>Jul 12 12:30 MSK</EndDateTime>
		<EndTestTime>1689154238</EndTestTime>
		<ElapsedMinutes>0</ElapsedMinutes>
	</Testing>
</Site>
